
**** Build of configuration Nios II for project frequencyRelay ****

make all 
      0 [main] sh 9492 find_fast_cwd: WARNING: Couldn't compute FAST_CWD pointer.  Please report this problem to
the public mailing list cygwin@cygwin.com
      0 [main] sh 2096 find_fast_cwd: WARNING: Couldn't compute FAST_CWD pointer.  Please report this problem to
the public mailing list cygwin@cygwin.com
      0 [main] echo 684 find_fast_cwd: WARNING: Couldn't compute FAST_CWD pointer.  Please report this problem to
Info: Building ../frequencyRelay_bsp/
the public mailing list cygwin@cygwin.com
make --no-print-directory -C ../frequencyRelay_bsp/
      0 [main] pwd 11416 find_fast_cwd: WARNING: Couldn't compute FAST_CWD pointer.  Please report this problem to
the public mailing list cygwin@cygwin.com
      0 [main] sh 14864 find_fast_cwd: WARNING: Couldn't compute FAST_CWD pointer.  Please report this problem to
the public mailing list cygwin@cygwin.com
      0 [main] sh 14732 find_fast_cwd: WARNING: Couldn't compute FAST_CWD pointer.  Please report this problem to
the public mailing list cygwin@cygwin.com
[BSP build complete]
      1 [main] echo 14772 find_fast_cwd: WARNING: Couldn't compute FAST_CWD pointer.  Please report this problem to
Info: Compiling main.c to obj/default/main.o
the public mailing list cygwin@cygwin.com
      0 [main] mkdir 12072 find_fast_cwd: WARNING: Couldn't compute FAST_CWD pointer.  Please report this problem to
the public mailing list cygwin@cygwin.com
nios2-elf-gcc -xc -MP -MMD -c -I../frequencyRelay_bsp//HAL/inc -I../frequencyRelay_bsp/ -I../frequencyRelay_bsp//drivers/inc  -DSYSTEM_BUS_WIDTH=32 -pipe -D__hal__ -DALT_NO_INSTRUCTION_EMULATION -DALT_SINGLE_THREADED    -O0 -g -Wall   -EL -mhw-div -mhw-mul -mno-hw-mulx  -o obj/default/main.o main.c
      0 [main] true 3652 find_fast_cwd: WARNING: Couldn't compute FAST_CWD pointer.  Please report this problem to
the public mailing list cygwin@cygwin.com
      0 [main] echo 3244 find_fast_cwd: WARNING: Couldn't compute FAST_CWD pointer.  Please report this problem to
Info: Linking frequencyRelay.elf
the public mailing list cygwin@cygwin.com
nios2-elf-g++  -T'../frequencyRelay_bsp//linker.x' -msys-crt0='../frequencyRelay_bsp//obj/HAL/src/crt0.o' -msys-lib=hal_bsp -L../frequencyRelay_bsp/   -Wl,-Map=frequencyRelay.map   -O0 -g -Wall   -EL -mhw-div -mhw-mul -mno-hw-mulx  -o frequencyRelay.elf obj/default/freertos/croutine.o obj/default/freertos/event_groups.o obj/default/freertos/heap.o obj/default/freertos/list.o obj/default/freertos/port.o obj/default/freertos/queue.o obj/default/freertos/tasks.o obj/default/freertos/timers.o obj/default/main.o obj/default/freertos/port_asm.o -lm 
      0 [main] sh 13012 find_fast_cwd: WARNING: Couldn't compute FAST_CWD pointer.  Please report this problem to
nios2-elf-insert frequencyRelay.elf --thread_model hal --cpu_name nios2 --qsys true --simulation_enabled false --id 7 --sidp 0x430f0 --timestamp 1393900972 --stderr_dev jtag_uart --stdin_dev jtag_uart --stdout_dev jtag_uart --sopc_system_name nios2 --quartus_project_dir "D:/CS723" --sopcinfo D:/CS723/nios2.sopcinfo
the public mailing list cygwin@cygwin.com
      0 [main] uname 6748 find_fast_cwd: WARNING: Couldn't compute FAST_CWD pointer.  Please report this problem to
the public mailing list cygwin@cygwin.com
      0 [main] sh 12512 find_fast_cwd: WARNING: Couldn't compute FAST_CWD pointer.  Please report this problem to
the public mailing list cygwin@cygwin.com
Info: (frequencyRelay.elf) 601 KBytes program size (code + initialized data).
Info:                      130560 KBytes free for stack + heap.
      0 [main] echo 14340 find_fast_cwd: WARNING: Couldn't compute FAST_CWD pointer.  Please report this problem to
Info: Creating frequencyRelay.objdump
the public mailing list cygwin@cygwin.com
nios2-elf-objdump --disassemble --syms --all-header --source frequencyRelay.elf >frequencyRelay.objdump
      0 [main] sh 15260 find_fast_cwd: WARNING: Couldn't compute FAST_CWD pointer.  Please report this problem to
the public mailing list cygwin@cygwin.com
      0 [main] sh 3404 find_fast_cwd: WARNING: Couldn't compute FAST_CWD pointer.  Please report this problem to
the public mailing list cygwin@cygwin.com
[frequencyRelay build complete]

**** Build Finished ****
