
**** Build of configuration Nios II for project freqRelay ****

make all 
      0 [main] sh 2216 find_fast_cwd: WARNING: Couldn't compute FAST_CWD pointer.  Please report this problem to
the public mailing list cygwin@cygwin.com
      0 [main] sh 9012 find_fast_cwd: WARNING: Couldn't compute FAST_CWD pointer.  Please report this problem to
the public mailing list cygwin@cygwin.com
      0 [main] echo 11912 find_fast_cwd: WARNING: Couldn't compute FAST_CWD pointer.  Please report this problem to
the public mailing list cygwin@cygwin.com
Info: Building ../freqRelay_bsp/
make --no-print-directory -C ../freqRelay_bsp/
      0 [main] pwd 10144 find_fast_cwd: WARNING: Couldn't compute FAST_CWD pointer.  Please report this problem to
the public mailing list cygwin@cygwin.com
      0 [main] sh 9640 find_fast_cwd: WARNING: Couldn't compute FAST_CWD pointer.  Please report this problem to
the public mailing list cygwin@cygwin.com
      0 [main] sh 10844 find_fast_cwd: WARNING: Couldn't compute FAST_CWD pointer.  Please report this problem to
the public mailing list cygwin@cygwin.com
[BSP build complete]
      0 [main] echo 1920 find_fast_cwd: WARNING: Couldn't compute FAST_CWD pointer.  Please report this problem to
Info: Compiling freertos/croutine.c to obj/default/freertos/croutine.o
the public mailing list cygwin@cygwin.com
      0 [main] mkdir 1548 find_fast_cwd: WARNING: Couldn't compute FAST_CWD pointer.  Please report this problem to
the public mailing list cygwin@cygwin.com
nios2-elf-gcc -xc -MP -MMD -c -I../freqRelay_bsp//HAL/inc -I../freqRelay_bsp/ -I../freqRelay_bsp//drivers/inc  -DSYSTEM_BUS_WIDTH=32 -pipe -D__hal__ -DALT_NO_INSTRUCTION_EMULATION -DALT_SINGLE_THREADED    -O0 -g -Wall   -EL -mhw-div -mhw-mul -mno-hw-mulx  -o obj/default/freertos/croutine.o freertos/croutine.c
      0 [main] echo 192 find_fast_cwd: WARNING: Couldn't compute FAST_CWD pointer.  Please report this problem to
Info: Compiling freertos/event_groups.c to obj/default/freertos/event_groups.o
the public mailing list cygwin@cygwin.com
      0 [main] mkdir 1428 find_fast_cwd: WARNING: Couldn't compute FAST_CWD pointer.  Please report this problem to
nios2-elf-gcc -xc -MP -MMD -c -I../freqRelay_bsp//HAL/inc -I../freqRelay_bsp/ -I../freqRelay_bsp//drivers/inc  -DSYSTEM_BUS_WIDTH=32 -pipe -D__hal__ -DALT_NO_INSTRUCTION_EMULATION -DALT_SINGLE_THREADED    -O0 -g -Wall   -EL -mhw-div -mhw-mul -mno-hw-mulx  -o obj/default/freertos/event_groups.o freertos/event_groups.c
the public mailing list cygwin@cygwin.com
      0 [main] echo 12028 find_fast_cwd: WARNING: Couldn't compute FAST_CWD pointer.  Please report this problem to
Info: Compiling freertos/heap.c to obj/default/freertos/heap.o
the public mailing list cygwin@cygwin.com
      1 [main] mkdir 4072 find_fast_cwd: WARNING: Couldn't compute FAST_CWD pointer.  Please report this problem to
the public mailing list cygwin@cygwin.com
nios2-elf-gcc -xc -MP -MMD -c -I../freqRelay_bsp//HAL/inc -I../freqRelay_bsp/ -I../freqRelay_bsp//drivers/inc  -DSYSTEM_BUS_WIDTH=32 -pipe -D__hal__ -DALT_NO_INSTRUCTION_EMULATION -DALT_SINGLE_THREADED    -O0 -g -Wall   -EL -mhw-div -mhw-mul -mno-hw-mulx  -o obj/default/freertos/heap.o freertos/heap.c
      0 [main] echo 368 find_fast_cwd: WARNING: Couldn't compute FAST_CWD pointer.  Please report this problem to
Info: Compiling freertos/list.c to obj/default/freertos/list.o
the public mailing list cygwin@cygwin.com
      0 [main] mkdir 8264 find_fast_cwd: WARNING: Couldn't compute FAST_CWD pointer.  Please report this problem to
the public mailing list cygwin@cygwin.com
nios2-elf-gcc -xc -MP -MMD -c -I../freqRelay_bsp//HAL/inc -I../freqRelay_bsp/ -I../freqRelay_bsp//drivers/inc  -DSYSTEM_BUS_WIDTH=32 -pipe -D__hal__ -DALT_NO_INSTRUCTION_EMULATION -DALT_SINGLE_THREADED    -O0 -g -Wall   -EL -mhw-div -mhw-mul -mno-hw-mulx  -o obj/default/freertos/list.o freertos/list.c
      0 [main] echo 11716 find_fast_cwd: WARNING: Couldn't compute FAST_CWD pointer.  Please report this problem to
Info: Compiling freertos/port.c to obj/default/freertos/port.o
the public mailing list cygwin@cygwin.com
      0 [main] mkdir 11340 find_fast_cwd: WARNING: Couldn't compute FAST_CWD pointer.  Please report this problem to
nios2-elf-gcc -xc -MP -MMD -c -I../freqRelay_bsp//HAL/inc -I../freqRelay_bsp/ -I../freqRelay_bsp//drivers/inc  -DSYSTEM_BUS_WIDTH=32 -pipe -D__hal__ -DALT_NO_INSTRUCTION_EMULATION -DALT_SINGLE_THREADED    -O0 -g -Wall   -EL -mhw-div -mhw-mul -mno-hw-mulx  -o obj/default/freertos/port.o freertos/port.c
the public mailing list cygwin@cygwin.com
freertos/port.c:90:1: warning: "configTICK_RATE_HZ" redefined
In file included from freertos/FreeRTOS.h:98,
                 from freertos/port.c:84:
freertos/FreeRTOSConfig.h:97:1: warning: this is the location of the previous definition
freertos/port.c:91:1: warning: "configCPU_CLOCK_HZ" redefined
freertos/FreeRTOSConfig.h:98:1: warning: this is the location of the previous definition
freertos/port.c: In function 'vApplicationStackOverflowHook':
freertos/port.c:96: warning: implicit declaration of function 'printf'
freertos/port.c:96: warning: incompatible implicit declaration of built-in function 'printf'
      0 [main] echo 6076 find_fast_cwd: WARNING: Couldn't compute FAST_CWD pointer.  Please report this problem to
Info: Compiling freertos/queue.c to obj/default/freertos/queue.o
the public mailing list cygwin@cygwin.com
      0 [main] mkdir 1300 find_fast_cwd: WARNING: Couldn't compute FAST_CWD pointer.  Please report this problem to
nios2-elf-gcc -xc -MP -MMD -c -I../freqRelay_bsp//HAL/inc -I../freqRelay_bsp/ -I../freqRelay_bsp//drivers/inc  -DSYSTEM_BUS_WIDTH=32 -pipe -D__hal__ -DALT_NO_INSTRUCTION_EMULATION -DALT_SINGLE_THREADED    -O0 -g -Wall   -EL -mhw-div -mhw-mul -mno-hw-mulx  -o obj/default/freertos/queue.o freertos/queue.c
the public mailing list cygwin@cygwin.com
      1 [main] echo 9644 find_fast_cwd: WARNING: Couldn't compute FAST_CWD pointer.  Please report this problem to
Info: Compiling freertos/tasks.c to obj/default/freertos/tasks.o
the public mailing list cygwin@cygwin.com
      5 [main] mkdir 6632 find_fast_cwd: WARNING: Couldn't compute FAST_CWD pointer.  Please report this problem to
nios2-elf-gcc -xc -MP -MMD -c -I../freqRelay_bsp//HAL/inc -I../freqRelay_bsp/ -I../freqRelay_bsp//drivers/inc  -DSYSTEM_BUS_WIDTH=32 -pipe -D__hal__ -DALT_NO_INSTRUCTION_EMULATION -DALT_SINGLE_THREADED    -O0 -g -Wall   -EL -mhw-div -mhw-mul -mno-hw-mulx  -o obj/default/freertos/tasks.o freertos/tasks.c
the public mailing list cygwin@cygwin.com
      0 [main] echo 6096 find_fast_cwd: WARNING: Couldn't compute FAST_CWD pointer.  Please report this problem to
Info: Compiling freertos/timers.c to obj/default/freertos/timers.o
the public mailing list cygwin@cygwin.com
      0 [main] mkdir 12196 find_fast_cwd: WARNING: Couldn't compute FAST_CWD pointer.  Please report this problem to
nios2-elf-gcc -xc -MP -MMD -c -I../freqRelay_bsp//HAL/inc -I../freqRelay_bsp/ -I../freqRelay_bsp//drivers/inc  -DSYSTEM_BUS_WIDTH=32 -pipe -D__hal__ -DALT_NO_INSTRUCTION_EMULATION -DALT_SINGLE_THREADED    -O0 -g -Wall   -EL -mhw-div -mhw-mul -mno-hw-mulx  -o obj/default/freertos/timers.o freertos/timers.c
the public mailing list cygwin@cygwin.com
      1 [main] echo 8536 find_fast_cwd: WARNING: Couldn't compute FAST_CWD pointer.  Please report this problem to
Info: Compiling hello_world.c to obj/default/hello_world.o
the public mailing list cygwin@cygwin.com
      0 [main] mkdir 3672 find_fast_cwd: WARNING: Couldn't compute FAST_CWD pointer.  Please report this problem to
nios2-elf-gcc -xc -MP -MMD -c -I../freqRelay_bsp//HAL/inc -I../freqRelay_bsp/ -I../freqRelay_bsp//drivers/inc  -DSYSTEM_BUS_WIDTH=32 -pipe -D__hal__ -DALT_NO_INSTRUCTION_EMULATION -DALT_SINGLE_THREADED    -O0 -g -Wall   -EL -mhw-div -mhw-mul -mno-hw-mulx  -o obj/default/hello_world.o hello_world.c
the public mailing list cygwin@cygwin.com
      0 [main] echo 9396 find_fast_cwd: WARNING: Couldn't compute FAST_CWD pointer.  Please report this problem to
the public mailing list cygwin@cygwin.com
Info: Compiling interrupts.c to obj/default/interrupts.o
     23 [main] mkdir 11092 find_fast_cwd: WARNING: Couldn't compute FAST_CWD pointer.  Please report this problem to
the public mailing list cygwin@cygwin.com
nios2-elf-gcc -xc -MP -MMD -c -I../freqRelay_bsp//HAL/inc -I../freqRelay_bsp/ -I../freqRelay_bsp//drivers/inc  -DSYSTEM_BUS_WIDTH=32 -pipe -D__hal__ -DALT_NO_INSTRUCTION_EMULATION -DALT_SINGLE_THREADED    -O0 -g -Wall   -EL -mhw-div -mhw-mul -mno-hw-mulx  -o obj/default/interrupts.o interrupts.c
interrupts.c: In function 'button_isr':
interrupts.c:22: warning: passing argument 3 of 'xQueueReceiveFromISR' makes pointer from integer without a cast
      0 [main] echo 11948 find_fast_cwd: WARNING: Couldn't compute FAST_CWD pointer.  Please report this problem to
Info: Compiling taskslcfr.c to obj/default/taskslcfr.o
the public mailing list cygwin@cygwin.com
      0 [main] mkdir 12208 find_fast_cwd: WARNING: Couldn't compute FAST_CWD pointer.  Please report this problem to
nios2-elf-gcc -xc -MP -MMD -c -I../freqRelay_bsp//HAL/inc -I../freqRelay_bsp/ -I../freqRelay_bsp//drivers/inc  -DSYSTEM_BUS_WIDTH=32 -pipe -D__hal__ -DALT_NO_INSTRUCTION_EMULATION -DALT_SINGLE_THREADED    -O0 -g -Wall   -EL -mhw-div -mhw-mul -mno-hw-mulx  -o obj/default/taskslcfr.o taskslcfr.c
the public mailing list cygwin@cygwin.com
      0 [main] echo 6672 find_fast_cwd: WARNING: Couldn't compute FAST_CWD pointer.  Please report this problem to
Info: Compiling variables.c to obj/default/variables.o
the public mailing list cygwin@cygwin.com
      0 [main] mkdir 11788 find_fast_cwd: WARNING: Couldn't compute FAST_CWD pointer.  Please report this problem to
nios2-elf-gcc -xc -MP -MMD -c -I../freqRelay_bsp//HAL/inc -I../freqRelay_bsp/ -I../freqRelay_bsp//drivers/inc  -DSYSTEM_BUS_WIDTH=32 -pipe -D__hal__ -DALT_NO_INSTRUCTION_EMULATION -DALT_SINGLE_THREADED    -O0 -g -Wall   -EL -mhw-div -mhw-mul -mno-hw-mulx  -o obj/default/variables.o variables.c
the public mailing list cygwin@cygwin.com
      0 [main] echo 5336 find_fast_cwd: WARNING: Couldn't compute FAST_CWD pointer.  Please report this problem to
Info: Assembling freertos/port_asm.S to obj/default/freertos/port_asm.o
the public mailing list cygwin@cygwin.com
      0 [main] mkdir 6128 find_fast_cwd: WARNING: Couldn't compute FAST_CWD pointer.  Please report this problem to
the public mailing list cygwin@cygwin.com
nios2-elf-gcc -MP -MMD -c -I../freqRelay_bsp//HAL/inc -I../freqRelay_bsp/ -I../freqRelay_bsp//drivers/inc  -DSYSTEM_BUS_WIDTH=32 -pipe -D__hal__ -DALT_NO_INSTRUCTION_EMULATION -DALT_SINGLE_THREADED    -O0 -g -Wall   -EL -mhw-div -mhw-mul -mno-hw-mulx  -Wa,-I../freqRelay_bsp//HAL/inc -Wa,-I../freqRelay_bsp/ -Wa,-I../freqRelay_bsp//drivers/inc -Wa,-gdwarf2 -o obj/default/freertos/port_asm.o freertos/port_asm.S
      0 [main] true 3748 find_fast_cwd: WARNING: Couldn't compute FAST_CWD pointer.  Please report this problem to
Info: Linking freqRelay.elf
the public mailing list cygwin@cygwin.com
nios2-elf-g++  -T'../freqRelay_bsp//linker.x' -msys-crt0='../freqRelay_bsp//obj/HAL/src/crt0.o' -msys-lib=hal_bsp -L../freqRelay_bsp/   -Wl,-Map=freqRelay.map   -O0 -g -Wall   -EL -mhw-div -mhw-mul -mno-hw-mulx  -o freqRelay.elf obj/default/freertos/croutine.o obj/default/freertos/event_groups.o obj/default/freertos/heap.o obj/default/freertos/list.o obj/default/freertos/port.o obj/default/freertos/queue.o obj/default/freertos/tasks.o obj/default/freertos/timers.o obj/default/hello_world.o obj/default/interrupts.o obj/default/taskslcfr.o obj/default/variables.o obj/default/freertos/port_asm.o -lm 
      0 [main] echo 3060 find_fast_cwd: WARNING: Couldn't compute FAST_CWD pointer.  Please report this problem to
nios2-elf-insert freqRelay.elf --thread_model hal --cpu_name nios2 --qsys true --simulation_enabled false --id 7 --sidp 0x430f0 --timestamp 1393900972 --stderr_dev jtag_uart --stdin_dev jtag_uart --stdout_dev jtag_uart --sopc_system_name nios2 --quartus_project_dir "D:/CS723" --sopcinfo D:/CS723/nios2.sopcinfo
the public mailing list cygwin@cygwin.com
      0 [main] sh 7728 find_fast_cwd: WARNING: Couldn't compute FAST_CWD pointer.  Please report this problem to
the public mailing list cygwin@cygwin.com
      0 [main] uname 6200 find_fast_cwd: WARNING: Couldn't compute FAST_CWD pointer.  Please report this problem to
the public mailing list cygwin@cygwin.com
      0 [main] sh 2304 find_fast_cwd: WARNING: Couldn't compute FAST_CWD pointer.  Please report this problem to
the public mailing list cygwin@cygwin.com
Info: (freqRelay.elf) 599 KBytes program size (code + initialized data).
Info:                 130561 KBytes free for stack + heap.
      0 [main] echo 12192 find_fast_cwd: WARNING: Couldn't compute FAST_CWD pointer.  Please report this problem to
Info: Creating freqRelay.objdump
the public mailing list cygwin@cygwin.com
nios2-elf-objdump --disassemble --syms --all-header --source freqRelay.elf >freqRelay.objdump
      0 [main] sh 12028 find_fast_cwd: WARNING: Couldn't compute FAST_CWD pointer.  Please report this problem to
the public mailing list cygwin@cygwin.com
      0 [main] sh 7920 find_fast_cwd: WARNING: Couldn't compute FAST_CWD pointer.  Please report this problem to
the public mailing list cygwin@cygwin.com
[freqRelay build complete]

**** Build Finished ****
