
**** Build of configuration Nios II for project uart ****

make all 
      0 [main] sh 8088 find_fast_cwd: WARNING: Couldn't compute FAST_CWD pointer.  Please report this problem to
the public mailing list cygwin@cygwin.com
      0 [main] sh 9240 find_fast_cwd: WARNING: Couldn't compute FAST_CWD pointer.  Please report this problem to
the public mailing list cygwin@cygwin.com
      0 [main] echo 8016 find_fast_cwd: WARNING: Couldn't compute FAST_CWD pointer.  Please report this problem to
Info: Building ../uart_bsp/
the public mailing list cygwin@cygwin.com
make --no-print-directory -C ../uart_bsp/
      0 [main] pwd 13040 find_fast_cwd: WARNING: Couldn't compute FAST_CWD pointer.  Please report this problem to
the public mailing list cygwin@cygwin.com
      0 [main] sh 11748 find_fast_cwd: WARNING: Couldn't compute FAST_CWD pointer.  Please report this problem to
the public mailing list cygwin@cygwin.com
      0 [main] sh 8272 find_fast_cwd: WARNING: Couldn't compute FAST_CWD pointer.  Please report this problem to
the public mailing list cygwin@cygwin.com
[BSP build complete]
      0 [main] echo 12616 find_fast_cwd: WARNING: Couldn't compute FAST_CWD pointer.  Please report this problem to
Info: Compiling hello_world.c to obj/default/hello_world.o
the public mailing list cygwin@cygwin.com
      0 [main] mkdir 11984 find_fast_cwd: WARNING: Couldn't compute FAST_CWD pointer.  Please report this problem to
the public mailing list cygwin@cygwin.com
nios2-elf-gcc -xc -MP -MMD -c -I../uart_bsp//HAL/inc -I../uart_bsp/ -I../uart_bsp//drivers/inc  -DSYSTEM_BUS_WIDTH=32 -pipe -D__hal__ -DALT_NO_INSTRUCTION_EMULATION -DALT_SINGLE_THREADED    -O0 -g -Wall   -EL -mhw-div -mhw-mul -mno-hw-mulx  -o obj/default/hello_world.o hello_world.c
      0 [main] true 12740 find_fast_cwd: WARNING: Couldn't compute FAST_CWD pointer.  Please report this problem to
the public mailing list cygwin@cygwin.com
      0 [main] echo 13508 find_fast_cwd: WARNING: Couldn't compute FAST_CWD pointer.  Please report this problem to
Info: Linking uart.elf
the public mailing list cygwin@cygwin.com
nios2-elf-g++  -T'../uart_bsp//linker.x' -msys-crt0='../uart_bsp//obj/HAL/src/crt0.o' -msys-lib=hal_bsp -L../uart_bsp/   -Wl,-Map=uart.map   -O0 -g -Wall   -EL -mhw-div -mhw-mul -mno-hw-mulx  -o uart.elf obj/default/freertos/croutine.o obj/default/freertos/event_groups.o obj/default/freertos/heap.o obj/default/freertos/list.o obj/default/freertos/port.o obj/default/freertos/queue.o obj/default/freertos/tasks.o obj/default/freertos/timers.o obj/default/hello_world.o obj/default/freertos/port_asm.o -lm 
      0 [main] sh 2204 find_fast_cwd: WARNING: Couldn't compute FAST_CWD pointer.  Please report this problem to
nios2-elf-insert uart.elf --thread_model hal --cpu_name nios2 --qsys true --simulation_enabled false --id 7 --sidp 0x430f0 --timestamp 1393900972 --stderr_dev jtag_uart --stdin_dev jtag_uart --stdout_dev jtag_uart --sopc_system_name nios2 --quartus_project_dir "D:/CS723" --sopcinfo D:/CS723/nios2.sopcinfo
the public mailing list cygwin@cygwin.com
      0 [main] uname 9248 find_fast_cwd: WARNING: Couldn't compute FAST_CWD pointer.  Please report this problem to
the public mailing list cygwin@cygwin.com
      0 [main] sh 10816 find_fast_cwd: WARNING: Couldn't compute FAST_CWD pointer.  Please report this problem to
the public mailing list cygwin@cygwin.com
Info: (uart.elf) 601 KBytes program size (code + initialized data).
Info:            130560 KBytes free for stack + heap.
      0 [main] echo 11192 find_fast_cwd: WARNING: Couldn't compute FAST_CWD pointer.  Please report this problem to
Info: Creating uart.objdump
the public mailing list cygwin@cygwin.com
nios2-elf-objdump --disassemble --syms --all-header --source uart.elf >uart.objdump
      0 [main] sh 8348 find_fast_cwd: WARNING: Couldn't compute FAST_CWD pointer.  Please report this problem to
the public mailing list cygwin@cygwin.com
      0 [main] sh 11648 find_fast_cwd: WARNING: Couldn't compute FAST_CWD pointer.  Please report this problem to
the public mailing list cygwin@cygwin.com
[uart build complete]

**** Build Finished ****
